<?xml version="1.0" encoding="UTF-8"?>
<TestRun id="1721f21f-fcba-414b-93c8-21e30544abd9" name="AlejandroM@ALEJANDROMW7X65 2012-04-18 19:21:23" runUser="USCORP\AlejandroM" xmlns="http://microsoft.com/schemas/VisualStudio/TeamTest/2010">
  <TestSettings name="Default Test Settings" id="dc463177-cc36-439b-972a-d3d21fc1b7b5">
    <Execution>
      <TestTypeSpecific />
      <AgentRule name="Execution Agents">
      </AgentRule>
    </Execution>
    <Deployment runDeploymentRoot="AlejandroM_ALEJANDROMW7X65 2012-04-18 19_21_23" />
  </TestSettings>
  <Times creation="2012-04-18T19:21:23.0234369-04:00" queuing="2012-04-18T19:21:23.5518065-04:00" start="2012-04-18T19:21:23.8069850-04:00" finish="2012-04-18T19:21:54.2532825-04:00" />
  <ResultSummary outcome="Failed">
    <Counters total="1" executed="1" error="0" failed="1" timeout="0" aborted="0" inconclusive="0" passedButRunAborted="0" notRunnable="0" notExecuted="0" disconnected="0" warning="0" passed="0" completed="0" inProgress="0" pending="0" />
  </ResultSummary>
  <TestDefinitions>
    <UnitTest name="ShouldRetrieveAllSnapshots" storage="c:\projects\dbsnap\code\dbsnap\dataaccess.tests\bin\debug\dataaccess.tests.dll" id="ea5c5d7d-e227-c708-4d4a-85d6263cc4d4">
      <Execution timeOut="1800000" id="7b4feae6-cb59-4d25-9c5a-7273a0e5ebcf" />
      <TestMethod codeBase="C:/Projects/dbSnap/code/dbSnap/DataAccess.Tests/bin/Debug/DataAccess.Tests.DLL" adapterTypeName="Microsoft.VisualStudio.TestTools.TestTypes.Unit.UnitTestAdapter, Microsoft.VisualStudio.QualityTools.Tips.UnitTest.Adapter, Version=10.0.0.0, Culture=neutral, PublicKeyToken=b03f5f7f11d50a3a" className="DataAccess.Tests.IntegrationTests.SqlSnapshotRepositoryTest, DataAccess.Tests, Version=1.0.0.0, Culture=neutral, PublicKeyToken=null" name="ShouldRetrieveAllSnapshots" />
    </UnitTest>
  </TestDefinitions>
  <TestLists>
    <TestList name="Results Not in a List" id="8c84fa94-04c1-424b-9868-57a2d4851a1d" />
    <TestList name="All Loaded Results" id="19431567-8539-422a-85d7-44ee4e166bda" />
  </TestLists>
  <TestEntries>
    <TestEntry testId="ea5c5d7d-e227-c708-4d4a-85d6263cc4d4" executionId="7b4feae6-cb59-4d25-9c5a-7273a0e5ebcf" testListId="8c84fa94-04c1-424b-9868-57a2d4851a1d" />
  </TestEntries>
  <Results>
    <UnitTestResult executionId="7b4feae6-cb59-4d25-9c5a-7273a0e5ebcf" testId="ea5c5d7d-e227-c708-4d4a-85d6263cc4d4" testName="ShouldRetrieveAllSnapshots" computerName="ALEJANDROMW7X65" duration="00:00:29.8006797" startTime="2012-04-18T19:21:23.8720305-04:00" endTime="2012-04-18T19:21:54.1682230-04:00" testType="13cdc9d9-ddb5-4fa4-a97d-d965ccfc6d4b" outcome="Failed" testListId="8c84fa94-04c1-424b-9868-57a2d4851a1d" relativeResultsDirectory="7b4feae6-cb59-4d25-9c5a-7273a0e5ebcf">
      <Output>
        <ErrorInfo>
          <Message>Assert.Fail failed. Exception while dropping snapshot 0snap0: Incorrect syntax near '0'.</Message>
          <StackTrace>   at DataAccess.Tests.IntegrationTests.SqlSnapshotRepositoryTest.&lt;&gt;c__DisplayClassc.&lt;DeleteSnapshot&gt;b__b(Exception ex) in C:\Projects\dbSnap\code\dbSnap\DataAccess.Tests\IntegrationTests\SqlSnapshotRepositoryTest.cs:line 81
   at DataAccess.Tests.IntegrationTests.SqlSnapshotRepositoryTest.UseConnection(Action`1 usage, Action`1 onError) in C:\Projects\dbSnap\code\dbSnap\DataAccess.Tests\IntegrationTests\SqlSnapshotRepositoryTest.cs:line 135
   at DataAccess.Tests.IntegrationTests.SqlSnapshotRepositoryTest.DeleteSnapshot(String snapshotName) in C:\Projects\dbSnap\code\dbSnap\DataAccess.Tests\IntegrationTests\SqlSnapshotRepositoryTest.cs:line 74
   at DataAccess.Tests.IntegrationTests.SqlSnapshotRepositoryTest.ShouldRetrieveAllSnapshots() in C:\Projects\dbSnap\code\dbSnap\DataAccess.Tests\IntegrationTests\SqlSnapshotRepositoryTest.cs:line 54
</StackTrace>
        </ErrorInfo>
      </Output>
    </UnitTestResult>
  </Results>
</TestRun>