<?xml version="1.0" encoding="UTF-8"?>
<TestRun id="92a8ff9e-9b0c-49c8-9e3c-c32c76b875f2" name="alejandrom@ALEJANDROMW7X65 2012-04-16 21:59:38" runUser="USCORP\alejandrom" xmlns="http://microsoft.com/schemas/VisualStudio/TeamTest/2010">
  <TestSettings name="Default Test Settings" id="14d2dd2f-15fa-4956-afc9-90505aa53557">
    <Execution>
      <TestTypeSpecific />
      <AgentRule name="Execution Agents">
      </AgentRule>
    </Execution>
    <Deployment runDeploymentRoot="alejandrom_ALEJANDROMW7X65 2012-04-16 21_59_38" />
  </TestSettings>
  <Times creation="2012-04-16T21:59:38.7055794-04:00" queuing="2012-04-16T21:59:39.0886013-04:00" start="2012-04-16T21:59:39.3116140-04:00" finish="2012-04-16T21:59:39.9076481-04:00" />
  <ResultSummary outcome="Completed">
    <Counters total="2" executed="2" passed="2" error="0" failed="0" timeout="0" aborted="0" inconclusive="0" passedButRunAborted="0" notRunnable="0" notExecuted="0" disconnected="0" warning="0" completed="0" inProgress="0" pending="0" />
  </ResultSummary>
  <TestDefinitions>
    <UnitTest name="ShouldDeleteSnapshots" storage="c:\projects\dbsnap\code\dbsnap\domain.tests\bin\debug\domain.tests.dll" id="8f77047f-e206-f04b-d301-8d4e5639200c">
      <Execution timeOut="1800000" id="8efb22ed-b5f4-4d64-8b2a-57036f191e5f" />
      <TestMethod codeBase="C:/Projects/dbSnap/code/dbSnap/Domain.Tests/bin/Debug/Domain.Tests.DLL" adapterTypeName="Microsoft.VisualStudio.TestTools.TestTypes.Unit.UnitTestAdapter, Microsoft.VisualStudio.QualityTools.Tips.UnitTest.Adapter, Version=10.0.0.0, Culture=neutral, PublicKeyToken=b03f5f7f11d50a3a" className="Domain.Tests.SnapshotServiceTest, Domain.Tests, Version=1.0.0.0, Culture=neutral, PublicKeyToken=null" name="ShouldDeleteSnapshots" />
    </UnitTest>
    <UnitTest name="ShouldGetAllSnapshots" storage="c:\projects\dbsnap\code\dbsnap\domain.tests\bin\debug\domain.tests.dll" id="2994c140-65cd-d555-dc40-58fadedd50dc">
      <Execution timeOut="1800000" id="da3a623b-89cc-4352-890f-53ec64fff45c" />
      <TestMethod codeBase="C:/Projects/dbSnap/code/dbSnap/Domain.Tests/bin/Debug/Domain.Tests.DLL" adapterTypeName="Microsoft.VisualStudio.TestTools.TestTypes.Unit.UnitTestAdapter, Microsoft.VisualStudio.QualityTools.Tips.UnitTest.Adapter, Version=10.0.0.0, Culture=neutral, PublicKeyToken=b03f5f7f11d50a3a" className="Domain.Tests.SnapshotServiceTest, Domain.Tests, Version=1.0.0.0, Culture=neutral, PublicKeyToken=null" name="ShouldGetAllSnapshots" />
    </UnitTest>
  </TestDefinitions>
  <TestLists>
    <TestList name="Results Not in a List" id="8c84fa94-04c1-424b-9868-57a2d4851a1d" />
    <TestList name="All Loaded Results" id="19431567-8539-422a-85d7-44ee4e166bda" />
  </TestLists>
  <TestEntries>
    <TestEntry testId="8f77047f-e206-f04b-d301-8d4e5639200c" executionId="8efb22ed-b5f4-4d64-8b2a-57036f191e5f" testListId="8c84fa94-04c1-424b-9868-57a2d4851a1d" />
    <TestEntry testId="2994c140-65cd-d555-dc40-58fadedd50dc" executionId="da3a623b-89cc-4352-890f-53ec64fff45c" testListId="8c84fa94-04c1-424b-9868-57a2d4851a1d" />
  </TestEntries>
  <Results>
    <UnitTestResult executionId="8efb22ed-b5f4-4d64-8b2a-57036f191e5f" testId="8f77047f-e206-f04b-d301-8d4e5639200c" testName="ShouldDeleteSnapshots" computerName="ALEJANDROMW7X65" duration="00:00:00.3490333" startTime="2012-04-16T21:59:39.4416215-04:00" endTime="2012-04-16T21:59:39.8366440-04:00" testType="13cdc9d9-ddb5-4fa4-a97d-d965ccfc6d4b" outcome="Passed" testListId="8c84fa94-04c1-424b-9868-57a2d4851a1d" relativeResultsDirectory="8efb22ed-b5f4-4d64-8b2a-57036f191e5f">
    </UnitTestResult>
    <UnitTestResult executionId="da3a623b-89cc-4352-890f-53ec64fff45c" testId="2994c140-65cd-d555-dc40-58fadedd50dc" testName="ShouldGetAllSnapshots" computerName="ALEJANDROMW7X65" duration="00:00:00.0024201" startTime="2012-04-16T21:59:39.8386442-04:00" endTime="2012-04-16T21:59:39.8516449-04:00" testType="13cdc9d9-ddb5-4fa4-a97d-d965ccfc6d4b" outcome="Passed" testListId="8c84fa94-04c1-424b-9868-57a2d4851a1d" relativeResultsDirectory="da3a623b-89cc-4352-890f-53ec64fff45c">
    </UnitTestResult>
  </Results>
</TestRun>