<?xml version="1.0" encoding="UTF-8"?>
<TestRun id="02682510-3692-4f2f-8625-86da8b0f7c3f" name="AlejandroM@ALEJANDROMW7X65 2012-04-18 19:10:06" runUser="USCORP\AlejandroM" xmlns="http://microsoft.com/schemas/VisualStudio/TeamTest/2010">
  <TestSettings name="Default Test Settings" id="344eecab-487e-4096-9556-d65194da6371">
    <Deployment runDeploymentRoot="AlejandroM_ALEJANDROMW7X65 2012-04-18 19_10_06">
      <DeploymentItem filename="C:\Projects\dbSnap\code\Moq.4.0.10827\NET40\Moq.dll" />
      <DeploymentItem filename="C:\Projects\dbSnap\code\dbSnap\Domain\bin\Debug\Domain.dll" />
    </Deployment>
    <Execution>
      <TestTypeSpecific />
      <AgentRule name="Execution Agents">
      </AgentRule>
    </Execution>
  </TestSettings>
  <Times creation="2012-04-18T19:10:06.9525183-04:00" queuing="2012-04-18T19:10:07.9362064-04:00" start="2012-04-18T19:10:07.9832393-04:00" finish="2012-04-18T19:10:09.4842893-04:00" />
  <ResultSummary outcome="Completed">
    <Counters total="1" executed="1" passed="1" error="0" failed="0" timeout="0" aborted="0" inconclusive="0" passedButRunAborted="0" notRunnable="0" notExecuted="0" disconnected="0" warning="0" completed="0" inProgress="0" pending="0" />
  </ResultSummary>
  <TestDefinitions>
    <UnitTest name="ShouldGetAllSnapshots" storage="c:\projects\dbsnap\code\dbsnap\domain.tests\bin\debug\domain.tests.dll" id="2994c140-65cd-d555-dc40-58fadedd50dc">
      <Execution id="2a404354-f28a-4e88-bb16-4ed36bdf5493" />
      <TestMethod codeBase="C:/Projects/dbSnap/code/dbSnap/Domain.Tests/bin/Debug/Domain.Tests.DLL" adapterTypeName="Microsoft.VisualStudio.TestTools.TestTypes.Unit.UnitTestAdapter, Microsoft.VisualStudio.QualityTools.Tips.UnitTest.Adapter, Version=10.0.0.0, Culture=neutral, PublicKeyToken=b03f5f7f11d50a3a" className="Domain.Tests.SnapshotServiceTest, Domain.Tests, Version=1.0.0.0, Culture=neutral, PublicKeyToken=null" name="ShouldGetAllSnapshots" />
    </UnitTest>
  </TestDefinitions>
  <TestLists>
    <TestList name="Results Not in a List" id="8c84fa94-04c1-424b-9868-57a2d4851a1d" />
    <TestList name="All Loaded Results" id="19431567-8539-422a-85d7-44ee4e166bda" />
  </TestLists>
  <TestEntries>
    <TestEntry testId="2994c140-65cd-d555-dc40-58fadedd50dc" executionId="2a404354-f28a-4e88-bb16-4ed36bdf5493" testListId="8c84fa94-04c1-424b-9868-57a2d4851a1d" />
  </TestEntries>
  <Results>
    <UnitTestResult executionId="2a404354-f28a-4e88-bb16-4ed36bdf5493" testId="2994c140-65cd-d555-dc40-58fadedd50dc" testName="ShouldGetAllSnapshots" computerName="ALEJANDROMW7X65" duration="00:00:00.2546137" startTime="2012-04-18T19:10:08.0142610-04:00" endTime="2012-04-18T19:10:09.4102375-04:00" testType="13cdc9d9-ddb5-4fa4-a97d-d965ccfc6d4b" outcome="Passed" testListId="8c84fa94-04c1-424b-9868-57a2d4851a1d" relativeResultsDirectory="2a404354-f28a-4e88-bb16-4ed36bdf5493">
    </UnitTestResult>
  </Results>
</TestRun>