<?xml version="1.0" encoding="UTF-8"?>
<TestRun id="a1f08c4f-d1fc-47b7-ad7a-e01875d5c206" name="AlejandroM@ALEJANDROMW7X65 2012-04-18 19:03:41" runUser="USCORP\AlejandroM" xmlns="http://microsoft.com/schemas/VisualStudio/TeamTest/2010">
  <TestSettings name="Default Test Settings" id="65a8354e-b031-4750-9bc1-a8d0178dac8d">
    <Deployment runDeploymentRoot="AlejandroM_ALEJANDROMW7X65 2012-04-18 19_03_41">
      <DeploymentItem filename="C:\Projects\dbSnap\code\Moq.4.0.10827\NET40\Moq.dll" />
      <DeploymentItem filename="C:\Projects\dbSnap\code\dbSnap\Domain\bin\Debug\Domain.dll" />
    </Deployment>
    <Execution>
      <TestTypeSpecific />
      <AgentRule name="Execution Agents">
      </AgentRule>
    </Execution>
  </TestSettings>
  <Times creation="2012-04-18T19:03:41.7210449-04:00" queuing="2012-04-18T19:03:41.8681478-04:00" start="2012-04-18T19:03:41.8741520-04:00" finish="2012-04-18T19:03:42.2023816-04:00" />
  <ResultSummary outcome="Completed">
    <Counters total="1" executed="1" passed="1" error="0" failed="0" timeout="0" aborted="0" inconclusive="0" passedButRunAborted="0" notRunnable="0" notExecuted="0" disconnected="0" warning="0" completed="0" inProgress="0" pending="0" />
  </ResultSummary>
  <TestDefinitions>
    <UnitTest name="ShouldGetDatabases" storage="c:\projects\dbsnap\code\dbsnap\domain.tests\bin\debug\domain.tests.dll" id="91584592-7526-4c10-eb1b-3cb2b6b7083f">
      <Execution id="d9e93756-a835-46ba-98e0-b2e4d9a15205" />
      <TestMethod codeBase="C:/Projects/dbSnap/code/dbSnap/Domain.Tests/bin/Debug/Domain.Tests.DLL" adapterTypeName="Microsoft.VisualStudio.TestTools.TestTypes.Unit.UnitTestAdapter, Microsoft.VisualStudio.QualityTools.Tips.UnitTest.Adapter, Version=10.0.0.0, Culture=neutral, PublicKeyToken=b03f5f7f11d50a3a" className="Domain.Tests.DatabaseServiceTest, Domain.Tests, Version=1.0.0.0, Culture=neutral, PublicKeyToken=null" name="ShouldGetDatabases" />
    </UnitTest>
  </TestDefinitions>
  <TestLists>
    <TestList name="Results Not in a List" id="8c84fa94-04c1-424b-9868-57a2d4851a1d" />
    <TestList name="All Loaded Results" id="19431567-8539-422a-85d7-44ee4e166bda" />
  </TestLists>
  <TestEntries>
    <TestEntry testId="91584592-7526-4c10-eb1b-3cb2b6b7083f" executionId="d9e93756-a835-46ba-98e0-b2e4d9a15205" testListId="8c84fa94-04c1-424b-9868-57a2d4851a1d" />
  </TestEntries>
  <Results>
    <UnitTestResult executionId="d9e93756-a835-46ba-98e0-b2e4d9a15205" testId="91584592-7526-4c10-eb1b-3cb2b6b7083f" testName="ShouldGetDatabases" computerName="ALEJANDROMW7X65" duration="00:00:00.1703581" startTime="2012-04-18T19:03:41.8761534-04:00" endTime="2012-04-18T19:03:42.1893725-04:00" testType="13cdc9d9-ddb5-4fa4-a97d-d965ccfc6d4b" outcome="Passed" testListId="8c84fa94-04c1-424b-9868-57a2d4851a1d" relativeResultsDirectory="d9e93756-a835-46ba-98e0-b2e4d9a15205">
    </UnitTestResult>
  </Results>
</TestRun>