<?xml version="1.0" encoding="UTF-8"?>
<TestRun id="edca5385-4eaf-41f5-9adb-9c85d924ff41" name="AlejandroM@ALEJANDROMW7X65 2012-04-18 19:08:38" runUser="USCORP\AlejandroM" xmlns="http://microsoft.com/schemas/VisualStudio/TeamTest/2010">
  <TestSettings name="Default Test Settings" id="05822763-a34e-46ad-9cd7-e8abcc9be7a4">
    <Deployment runDeploymentRoot="AlejandroM_ALEJANDROMW7X65 2012-04-18 19_08_38">
      <DeploymentItem filename="C:\Projects\dbSnap\code\Moq.4.0.10827\NET40\Moq.dll" />
      <DeploymentItem filename="C:\Projects\dbSnap\code\dbSnap\Domain\bin\Debug\Domain.dll" />
    </Deployment>
    <Execution>
      <TestTypeSpecific />
      <AgentRule name="Execution Agents">
      </AgentRule>
    </Execution>
  </TestSettings>
  <Times creation="2012-04-18T19:08:38.4866355-04:00" queuing="2012-04-18T19:08:39.9736757-04:00" start="2012-04-18T19:08:40.0507296-04:00" finish="2012-04-18T19:08:41.5467761-04:00" />
  <ResultSummary outcome="Completed">
    <Counters total="3" executed="3" passed="3" error="0" failed="0" timeout="0" aborted="0" inconclusive="0" passedButRunAborted="0" notRunnable="0" notExecuted="0" disconnected="0" warning="0" completed="0" inProgress="0" pending="0" />
  </ResultSummary>
  <TestDefinitions>
    <UnitTest name="ShouldDeleteSnapshots" storage="c:\projects\dbsnap\code\dbsnap\domain.tests\bin\debug\domain.tests.dll" id="8f77047f-e206-f04b-d301-8d4e5639200c">
      <Execution id="04c8dd15-a6ea-4bec-9f9e-e7422aa3e99b" />
      <TestMethod codeBase="C:/Projects/dbSnap/code/dbSnap/Domain.Tests/bin/Debug/Domain.Tests.DLL" adapterTypeName="Microsoft.VisualStudio.TestTools.TestTypes.Unit.UnitTestAdapter, Microsoft.VisualStudio.QualityTools.Tips.UnitTest.Adapter, Version=10.0.0.0, Culture=neutral, PublicKeyToken=b03f5f7f11d50a3a" className="Domain.Tests.SnapshotServiceTest, Domain.Tests, Version=1.0.0.0, Culture=neutral, PublicKeyToken=null" name="ShouldDeleteSnapshots" />
    </UnitTest>
    <UnitTest name="ShouldGetDatabases" storage="c:\projects\dbsnap\code\dbsnap\domain.tests\bin\debug\domain.tests.dll" id="91584592-7526-4c10-eb1b-3cb2b6b7083f">
      <Execution id="dbe0c154-af7a-435e-b7e6-0cb4d56cf5ec" />
      <TestMethod codeBase="C:/Projects/dbSnap/code/dbSnap/Domain.Tests/bin/Debug/Domain.Tests.DLL" adapterTypeName="Microsoft.VisualStudio.TestTools.TestTypes.Unit.UnitTestAdapter, Microsoft.VisualStudio.QualityTools.Tips.UnitTest.Adapter, Version=10.0.0.0, Culture=neutral, PublicKeyToken=b03f5f7f11d50a3a" className="Domain.Tests.DatabaseServiceTest, Domain.Tests, Version=1.0.0.0, Culture=neutral, PublicKeyToken=null" name="ShouldGetDatabases" />
    </UnitTest>
    <UnitTest name="ShouldGetAllSnapshots" storage="c:\projects\dbsnap\code\dbsnap\domain.tests\bin\debug\domain.tests.dll" id="2994c140-65cd-d555-dc40-58fadedd50dc">
      <Execution id="4d15e058-e185-4738-8971-c3f212fc5c27" />
      <TestMethod codeBase="C:/Projects/dbSnap/code/dbSnap/Domain.Tests/bin/Debug/Domain.Tests.DLL" adapterTypeName="Microsoft.VisualStudio.TestTools.TestTypes.Unit.UnitTestAdapter, Microsoft.VisualStudio.QualityTools.Tips.UnitTest.Adapter, Version=10.0.0.0, Culture=neutral, PublicKeyToken=b03f5f7f11d50a3a" className="Domain.Tests.SnapshotServiceTest, Domain.Tests, Version=1.0.0.0, Culture=neutral, PublicKeyToken=null" name="ShouldGetAllSnapshots" />
    </UnitTest>
  </TestDefinitions>
  <TestLists>
    <TestList name="Results Not in a List" id="8c84fa94-04c1-424b-9868-57a2d4851a1d" />
    <TestList name="All Loaded Results" id="19431567-8539-422a-85d7-44ee4e166bda" />
  </TestLists>
  <TestEntries>
    <TestEntry testId="2994c140-65cd-d555-dc40-58fadedd50dc" executionId="4d15e058-e185-4738-8971-c3f212fc5c27" testListId="8c84fa94-04c1-424b-9868-57a2d4851a1d" />
    <TestEntry testId="8f77047f-e206-f04b-d301-8d4e5639200c" executionId="04c8dd15-a6ea-4bec-9f9e-e7422aa3e99b" testListId="8c84fa94-04c1-424b-9868-57a2d4851a1d" />
    <TestEntry testId="91584592-7526-4c10-eb1b-3cb2b6b7083f" executionId="dbe0c154-af7a-435e-b7e6-0cb4d56cf5ec" testListId="8c84fa94-04c1-424b-9868-57a2d4851a1d" />
  </TestEntries>
  <Results>
    <UnitTestResult executionId="4d15e058-e185-4738-8971-c3f212fc5c27" testId="2994c140-65cd-d555-dc40-58fadedd50dc" testName="ShouldGetAllSnapshots" computerName="ALEJANDROMW7X65" duration="00:00:00.2188483" startTime="2012-04-18T19:08:40.0877555-04:00" endTime="2012-04-18T19:08:41.3906669-04:00" testType="13cdc9d9-ddb5-4fa4-a97d-d965ccfc6d4b" outcome="Passed" testListId="8c84fa94-04c1-424b-9868-57a2d4851a1d" relativeResultsDirectory="4d15e058-e185-4738-8971-c3f212fc5c27">
    </UnitTestResult>
    <UnitTestResult executionId="04c8dd15-a6ea-4bec-9f9e-e7422aa3e99b" testId="8f77047f-e206-f04b-d301-8d4e5639200c" testName="ShouldDeleteSnapshots" computerName="ALEJANDROMW7X65" duration="00:00:00.0138783" startTime="2012-04-18T19:08:41.3996732-04:00" endTime="2012-04-18T19:08:41.4176858-04:00" testType="13cdc9d9-ddb5-4fa4-a97d-d965ccfc6d4b" outcome="Passed" testListId="8c84fa94-04c1-424b-9868-57a2d4851a1d" relativeResultsDirectory="04c8dd15-a6ea-4bec-9f9e-e7422aa3e99b">
    </UnitTestResult>
    <UnitTestResult executionId="dbe0c154-af7a-435e-b7e6-0cb4d56cf5ec" testId="91584592-7526-4c10-eb1b-3cb2b6b7083f" testName="ShouldGetDatabases" computerName="ALEJANDROMW7X65" duration="00:00:00.0190012" startTime="2012-04-18T19:08:41.4216886-04:00" endTime="2012-04-18T19:08:41.4447047-04:00" testType="13cdc9d9-ddb5-4fa4-a97d-d965ccfc6d4b" outcome="Passed" testListId="8c84fa94-04c1-424b-9868-57a2d4851a1d" relativeResultsDirectory="dbe0c154-af7a-435e-b7e6-0cb4d56cf5ec">
    </UnitTestResult>
  </Results>
</TestRun>